@!@!@STARTMSG 2262:0 @!@!@
TLC2 Version 2.16 of 31 December 2020 (rev: cdddf55)
@!@!@ENDMSG 2262 @!@!@
@!@!@STARTMSG 2187:0 @!@!@
Running breadth-first search Model-Checking with fp 12 and seed -967095821671580628 with 4 workers on 8 cores with 588MB heap and 1321MB offheap memory [pid: 7676] (Windows 10 10.0 amd64, AdoptOpenJDK 14.0.1 x86_64, OffHeapDiskFPSet, DiskStateQueue).
@!@!@ENDMSG 2187 @!@!@
@!@!@STARTMSG 2220:0 @!@!@
Starting SANY...
@!@!@ENDMSG 2220 @!@!@
Parsing file C:\Users\Cade Chabra\GitHub\CSRF-Security-Model\BaseWebModel.toolbox\BaseWebModel\MC.tla
Parsing file C:\Users\Cade Chabra\GitHub\CSRF-Security-Model\BaseWebModel.toolbox\BaseWebModel\BaseWebModel.tla
Parsing file C:\Users\Cade Chabra\TLA+\TLAToolbox-1.7.1-win32.win32.x86_64\toolbox\plugins\org.lamport.tlatools_1.0.0.202012311918\tla2sany\StandardModules\TLC.tla
Parsing file C:\Users\Cade Chabra\TLA+\TLAToolbox-1.7.1-win32.win32.x86_64\toolbox\plugins\org.lamport.tlatools_1.0.0.202012311918\tla2sany\StandardModules\Integers.tla
Parsing file C:\Users\Cade Chabra\TLA+\TLAToolbox-1.7.1-win32.win32.x86_64\toolbox\plugins\org.lamport.tlatools_1.0.0.202012311918\tla2sany\StandardModules\Sequences.tla
Parsing file C:\Users\Cade Chabra\TLA+\TLAToolbox-1.7.1-win32.win32.x86_64\toolbox\plugins\org.lamport.tlatools_1.0.0.202012311918\tla2sany\StandardModules\Naturals.tla
Parsing file C:\Users\Cade Chabra\TLA+\TLAToolbox-1.7.1-win32.win32.x86_64\toolbox\plugins\org.lamport.tlatools_1.0.0.202012311918\tla2sany\StandardModules\FiniteSets.tla
Semantic processing of module Naturals
Semantic processing of module Integers
Semantic processing of module Sequences
Semantic processing of module FiniteSets
Semantic processing of module TLC
Semantic processing of module BaseWebModel
Semantic processing of module MC
@!@!@STARTMSG 2219:0 @!@!@
SANY finished.
@!@!@ENDMSG 2219 @!@!@
@!@!@STARTMSG 2185:0 @!@!@
Starting... (2023-04-23 12:05:14)
@!@!@ENDMSG 2185 @!@!@
@!@!@STARTMSG 2189:0 @!@!@
Computing initial states...
@!@!@ENDMSG 2189 @!@!@
@!@!@STARTMSG 2190:0 @!@!@
Finished computing initial states: 1 distinct state generated at 2023-04-23 12:05:15.
@!@!@ENDMSG 2190 @!@!@
<<"Same Site Req">>
<<"Cross Site Req">>
<<"Same Site Req">>
@!@!@STARTMSG 1000:1 @!@!@
TLC threw an unexpected exception.
This was probably caused by an error in the spec or model.
See the User Output or TLC Console for clues to what happened.
The exception was a java.lang.RuntimeException
: Attempted to select nonexistent field "Cookies" from the record
[source |-> "honest", cookies |-> {HonestSessionId}, headers |-> {}]
line 84, col 79 to line 84, col 89 of module BaseWebModel
@!@!@ENDMSG 1000 @!@!@
<<"Same Site Req">>
<< { [ request |->
           [ source |-> "attacker",
             cookies |-> {HonestSessionId},
             headers |-> {} ],
       response |-> [status |-> "error", destination |-> "attacker"] ] } >>
<<"Same Site Req">>
@!@!@STARTMSG 2121:1 @!@!@
The behavior up to this point is:
@!@!@ENDMSG 2121 @!@!@
@!@!@STARTMSG 2217:4 @!@!@
1: <Initial predicate>
/\ AttackerState = [SessionIds |-> {}]
/\ HonestBrowser = [source |-> "honest", Cookies |-> {}, Headers |-> {}]
/\ AttackerServerState = [SessionIds |-> {}, Tokens |-> {}]
/\ stack = <<<<>>, <<>>>>
/\ AttackerBrowser = [source |-> "attacker", Cookies |-> {}, Headers |-> {}]
/\ MessageLog = {}
/\ resp = <<defaultInitValue, defaultInitValue>>
/\ req = <<defaultInitValue, defaultInitValue>>
/\ pc = <<"SSR", "CSR">>
/\ HonestServerState = [SessionIds |-> {}, Tokens |-> {}]

@!@!@ENDMSG 2217 @!@!@
<<"Same Site Req">>
@!@!@STARTMSG 2217:4 @!@!@
2: <SSR line 124, col 8 to line 129, col 42 of module BaseWebModel>
/\ AttackerState = [SessionIds |-> {}]
/\ HonestBrowser = [source |-> "honest", Cookies |-> {}, Headers |-> {}]
/\ AttackerServerState = [SessionIds |-> {}, Tokens |-> {}]
/\ stack = <<<<>>, <<>>>>
/\ AttackerBrowser = [source |-> "attacker", Cookies |-> {}, Headers |-> {}]
/\ MessageLog = {}
/\ resp = <<defaultInitValue, defaultInitValue>>
/\ req = <<defaultInitValue, defaultInitValue>>
/\ pc = <<"Session", "CSR">>
/\ HonestServerState = [SessionIds |-> {}, Tokens |-> {}]

@!@!@ENDMSG 2217 @!@!@
@!@!@STARTMSG 2103:1 @!@!@
The error occurred when TLC was evaluating the nested
expressions at the following positions:
0. Line 131, column 12 to line 143, column 45 in BaseWebModel
1. Line 131, column 15 to line 131, column 31 in BaseWebModel
2. Line 132, column 15 to line 132, column 83 in BaseWebModel
3. Line 133, column 15 to line 133, column 99 in BaseWebModel
4. Line 134, column 15 to line 140, column 60 in BaseWebModel
5. Line 134, column 18 to line 134, column 73 in BaseWebModel
6. Line 135, column 18 to line 135, column 105 in BaseWebModel
7. Line 135, column 26 to line 135, column 105 in BaseWebModel
8. Line 135, column 46 to line 135, column 104 in BaseWebModel
9. Line 88, column 23 to line 88, column 162 in BaseWebModel
10. Line 88, column 26 to line 88, column 52 in BaseWebModel
11. Line 84, column 32 to line 84, column 109 in BaseWebModel
12. Line 84, column 65 to line 84, column 109 in BaseWebModel
13. Line 84, column 79 to line 84, column 89 in BaseWebModel


@!@!@ENDMSG 2103 @!@!@
@!@!@STARTMSG 2201:0 @!@!@
The coverage statistics at 2023-04-23 12:05:16
@!@!@ENDMSG 2201 @!@!@
@!@!@STARTMSG 2773:0 @!@!@
<Init line 97, col 1 to line 97, col 4 of module BaseWebModel>: 2:2
@!@!@ENDMSG 2773 @!@!@
@!@!@STARTMSG 2221:0 @!@!@
  line 98, col 9 to line 109, col 61 of module BaseWebModel: 2
@!@!@ENDMSG 2221 @!@!@
@!@!@STARTMSG 2772:0 @!@!@
<Log line 111, col 1 to line 111, col 9 of module BaseWebModel>: 1:1
@!@!@ENDMSG 2772 @!@!@
@!@!@STARTMSG 2221:0 @!@!@
  line 111, col 17 to line 111, col 32 of module BaseWebModel: 9
@!@!@ENDMSG 2221 @!@!@
@!@!@STARTMSG 2221:0 @!@!@
  |line 111, col 17 to line 111, col 24 of module BaseWebModel: 8
@!@!@ENDMSG 2221 @!@!@
@!@!@STARTMSG 2221:0 @!@!@
  line 112, col 17 to line 112, col 100 of module BaseWebModel: 1
@!@!@ENDMSG 2221 @!@!@
@!@!@STARTMSG 2221:0 @!@!@
  line 113, col 17 to line 113, col 41 of module BaseWebModel: 1
@!@!@ENDMSG 2221 @!@!@
@!@!@STARTMSG 2221:0 @!@!@
  line 114, col 17 to line 114, col 64 of module BaseWebModel: 1
@!@!@ENDMSG 2221 @!@!@
@!@!@STARTMSG 2221:0 @!@!@
  line 115, col 17 to line 115, col 67 of module BaseWebModel: 1
@!@!@ENDMSG 2221 @!@!@
@!@!@STARTMSG 2221:0 @!@!@
  line 116, col 17 to line 116, col 70 of module BaseWebModel: 1
@!@!@ENDMSG 2221 @!@!@
@!@!@STARTMSG 2221:0 @!@!@
  line 117, col 17 to line 117, col 67 of module BaseWebModel: 1
@!@!@ENDMSG 2221 @!@!@
@!@!@STARTMSG 2221:0 @!@!@
  line 118, col 17 to line 120, col 47 of module BaseWebModel: 1
@!@!@ENDMSG 2221 @!@!@
@!@!@STARTMSG 2772:0 @!@!@
<SSR line 124, col 1 to line 124, col 3 of module BaseWebModel>: 4:5
@!@!@ENDMSG 2772 @!@!@
@!@!@STARTMSG 2221:0 @!@!@
  line 124, col 11 to line 124, col 23 of module BaseWebModel: 15
@!@!@ENDMSG 2221 @!@!@
@!@!@STARTMSG 2221:0 @!@!@
  |line 124, col 11 to line 124, col 15 of module BaseWebModel: 10
@!@!@ENDMSG 2221 @!@!@
@!@!@STARTMSG 2221:0 @!@!@
  line 125, col 11 to line 125, col 37 of module BaseWebModel: 5
@!@!@ENDMSG 2221 @!@!@
@!@!@STARTMSG 2221:0 @!@!@
  line 126, col 11 to line 126, col 44 of module BaseWebModel: 5
@!@!@ENDMSG 2221 @!@!@
@!@!@STARTMSG 2221:0 @!@!@
  line 127, col 11 to line 129, col 42 of module BaseWebModel: 5
@!@!@ENDMSG 2221 @!@!@
@!@!@STARTMSG 2772:0 @!@!@
<Session line 131, col 1 to line 131, col 7 of module BaseWebModel>: 0:0
@!@!@ENDMSG 2772 @!@!@
@!@!@STARTMSG 2221:0 @!@!@
  line 131, col 15 to line 131, col 31 of module BaseWebModel: 9
@!@!@ENDMSG 2221 @!@!@
@!@!@STARTMSG 2221:0 @!@!@
  line 132, col 15 to line 132, col 83 of module BaseWebModel: 0
@!@!@ENDMSG 2221 @!@!@
@!@!@STARTMSG 2221:0 @!@!@
  |line 132, col 32 to line 132, col 83 of module BaseWebModel: 5
@!@!@ENDMSG 2221 @!@!@
@!@!@STARTMSG 2221:0 @!@!@
  line 133, col 15 to line 133, col 99 of module BaseWebModel: 0
@!@!@ENDMSG 2221 @!@!@
@!@!@STARTMSG 2221:0 @!@!@
  |line 133, col 36 to line 133, col 99 of module BaseWebModel: 5
@!@!@ENDMSG 2221 @!@!@
@!@!@STARTMSG 2221:0 @!@!@
  line 134, col 18 to line 134, col 73 of module BaseWebModel: 0
@!@!@ENDMSG 2221 @!@!@
@!@!@STARTMSG 2221:0 @!@!@
  |line 134, col 25 to line 134, col 73 of module BaseWebModel: 5
@!@!@ENDMSG 2221 @!@!@
@!@!@STARTMSG 2221:0 @!@!@
  ||line 134, col 26 to line 134, col 28 of module BaseWebModel: 5
@!@!@ENDMSG 2221 @!@!@
@!@!@STARTMSG 2221:0 @!@!@
  ||line 134, col 44 to line 134, col 72 of module BaseWebModel: 5
@!@!@ENDMSG 2221 @!@!@
@!@!@STARTMSG 2221:0 @!@!@
  |||line 87, col 23 to line 87, col 95 of module BaseWebModel: 5
@!@!@ENDMSG 2221 @!@!@
@!@!@STARTMSG 2221:0 @!@!@
  |||line 134, col 58 to line 134, col 71 of module BaseWebModel: 15
@!@!@ENDMSG 2221 @!@!@
@!@!@STARTMSG 2221:0 @!@!@
  line 135, col 18 to line 135, col 105 of module BaseWebModel: 0
@!@!@ENDMSG 2221 @!@!@
@!@!@STARTMSG 2221:0 @!@!@
  |line 135, col 26 to line 135, col 105 of module BaseWebModel: 5
@!@!@ENDMSG 2221 @!@!@
@!@!@STARTMSG 2221:0 @!@!@
  ||line 135, col 27 to line 135, col 30 of module BaseWebModel: 5
@!@!@ENDMSG 2221 @!@!@
@!@!@STARTMSG 2221:0 @!@!@
  ||line 135, col 46 to line 135, col 104 of module BaseWebModel: 5
@!@!@ENDMSG 2221 @!@!@
@!@!@STARTMSG 2221:0 @!@!@
  |||line 88, col 23 to line 88, col 162 of module BaseWebModel: 5
@!@!@ENDMSG 2221 @!@!@
@!@!@STARTMSG 2221:0 @!@!@
  |||line 135, col 55 to line 135, col 83 of module BaseWebModel: 5
@!@!@ENDMSG 2221 @!@!@
@!@!@STARTMSG 2221:0 @!@!@
  ||||line 87, col 23 to line 87, col 95 of module BaseWebModel: 5
@!@!@ENDMSG 2221 @!@!@
@!@!@STARTMSG 2221:0 @!@!@
  ||||line 135, col 69 to line 135, col 82 of module BaseWebModel: 15
@!@!@ENDMSG 2221 @!@!@
@!@!@STARTMSG 2221:0 @!@!@
  |||line 135, col 86 to line 135, col 103 of module BaseWebModel: 5
@!@!@ENDMSG 2221 @!@!@
@!@!@STARTMSG 2221:0 @!@!@
  line 136, col 18 to line 140, col 60 of module BaseWebModel: 0
@!@!@ENDMSG 2221 @!@!@
@!@!@STARTMSG 2221:0 @!@!@
  line 141, col 15 to line 141, col 44 of module BaseWebModel: 0
@!@!@ENDMSG 2221 @!@!@
@!@!@STARTMSG 2221:0 @!@!@
  line 142, col 15 to line 143, col 45 of module BaseWebModel: 0
@!@!@ENDMSG 2221 @!@!@
@!@!@STARTMSG 2772:0 @!@!@
<CSR line 147, col 1 to line 147, col 3 of module BaseWebModel>: 1:1
@!@!@ENDMSG 2772 @!@!@
@!@!@STARTMSG 2221:0 @!@!@
  line 147, col 11 to line 147, col 23 of module BaseWebModel: 5
@!@!@ENDMSG 2221 @!@!@
@!@!@STARTMSG 2221:0 @!@!@
  |line 147, col 11 to line 147, col 15 of module BaseWebModel: 4
@!@!@ENDMSG 2221 @!@!@
@!@!@STARTMSG 2221:0 @!@!@
  line 148, col 11 to line 148, col 38 of module BaseWebModel: 1
@!@!@ENDMSG 2221 @!@!@
@!@!@STARTMSG 2221:0 @!@!@
  line 149, col 11 to line 149, col 53 of module BaseWebModel: 1
@!@!@ENDMSG 2221 @!@!@
@!@!@STARTMSG 2221:0 @!@!@
  line 150, col 11 to line 152, col 42 of module BaseWebModel: 1
@!@!@ENDMSG 2221 @!@!@
@!@!@STARTMSG 2772:0 @!@!@
<HonestToAttacker line 154, col 1 to line 154, col 16 of module BaseWebModel>: 1:1
@!@!@ENDMSG 2772 @!@!@
@!@!@STARTMSG 2221:0 @!@!@
  line 154, col 24 to line 154, col 49 of module BaseWebModel: 5
@!@!@ENDMSG 2221 @!@!@
@!@!@STARTMSG 2221:0 @!@!@
  |line 154, col 24 to line 154, col 28 of module BaseWebModel: 4
@!@!@ENDMSG 2221 @!@!@
@!@!@STARTMSG 2221:0 @!@!@
  line 155, col 24 to line 155, col 92 of module BaseWebModel: 1
@!@!@ENDMSG 2221 @!@!@
@!@!@STARTMSG 2221:0 @!@!@
  line 156, col 24 to line 156, col 100 of module BaseWebModel: 1
@!@!@ENDMSG 2221 @!@!@
@!@!@STARTMSG 2221:0 @!@!@
  line 157, col 24 to line 157, col 104 of module BaseWebModel: 1
@!@!@ENDMSG 2221 @!@!@
@!@!@STARTMSG 2221:0 @!@!@
  line 158, col 27 to line 158, col 84 of module BaseWebModel: 1
@!@!@ENDMSG 2221 @!@!@
@!@!@STARTMSG 2221:0 @!@!@
  |line 158, col 34 to line 158, col 84 of module BaseWebModel: 1
@!@!@ENDMSG 2221 @!@!@
@!@!@STARTMSG 2221:0 @!@!@
  ||line 158, col 35 to line 158, col 37 of module BaseWebModel: 1
@!@!@ENDMSG 2221 @!@!@
@!@!@STARTMSG 2221:0 @!@!@
  ||line 158, col 53 to line 158, col 83 of module BaseWebModel: 1
@!@!@ENDMSG 2221 @!@!@
@!@!@STARTMSG 2221:0 @!@!@
  |||line 87, col 23 to line 87, col 95 of module BaseWebModel: 1
@!@!@ENDMSG 2221 @!@!@
@!@!@STARTMSG 2221:0 @!@!@
  |||line 158, col 67 to line 158, col 82 of module BaseWebModel: 3
@!@!@ENDMSG 2221 @!@!@
@!@!@STARTMSG 2221:0 @!@!@
  line 159, col 27 to line 159, col 117 of module BaseWebModel: 1
@!@!@ENDMSG 2221 @!@!@
@!@!@STARTMSG 2221:0 @!@!@
  |line 159, col 35 to line 159, col 117 of module BaseWebModel: 1
@!@!@ENDMSG 2221 @!@!@
@!@!@STARTMSG 2221:0 @!@!@
  ||line 159, col 36 to line 159, col 39 of module BaseWebModel: 1
@!@!@ENDMSG 2221 @!@!@
@!@!@STARTMSG 2221:0 @!@!@
  ||line 159, col 55 to line 159, col 116 of module BaseWebModel: 1
@!@!@ENDMSG 2221 @!@!@
@!@!@STARTMSG 2221:0 @!@!@
  |||line 88, col 23 to line 88, col 162 of module BaseWebModel: 1
@!@!@ENDMSG 2221 @!@!@
@!@!@STARTMSG 2221:0 @!@!@
  |||line 159, col 64 to line 159, col 94 of module BaseWebModel: 1
@!@!@ENDMSG 2221 @!@!@
@!@!@STARTMSG 2221:0 @!@!@
  ||||line 87, col 23 to line 87, col 95 of module BaseWebModel: 1
@!@!@ENDMSG 2221 @!@!@
@!@!@STARTMSG 2221:0 @!@!@
  ||||line 159, col 78 to line 159, col 93 of module BaseWebModel: 3
@!@!@ENDMSG 2221 @!@!@
@!@!@STARTMSG 2221:0 @!@!@
  |||line 159, col 97 to line 159, col 115 of module BaseWebModel: 1
@!@!@ENDMSG 2221 @!@!@
@!@!@STARTMSG 2221:0 @!@!@
  line 160, col 27 to line 164, col 69 of module BaseWebModel: 1
@!@!@ENDMSG 2221 @!@!@
@!@!@STARTMSG 2221:0 @!@!@
  line 165, col 24 to line 165, col 53 of module BaseWebModel: 1
@!@!@ENDMSG 2221 @!@!@
@!@!@STARTMSG 2221:0 @!@!@
  line 166, col 24 to line 167, col 58 of module BaseWebModel: 1
@!@!@ENDMSG 2221 @!@!@
@!@!@STARTMSG 2772:0 @!@!@
<Terminating line 172, col 1 to line 172, col 11 of module BaseWebModel>: 0:0
@!@!@ENDMSG 2772 @!@!@
@!@!@STARTMSG 2221:0 @!@!@
  line 172, col 19 to line 172, col 56 of module BaseWebModel: 4
@!@!@ENDMSG 2221 @!@!@
@!@!@STARTMSG 2221:0 @!@!@
  line 173, col 19 to line 173, col 32 of module BaseWebModel: 0
@!@!@ENDMSG 2221 @!@!@
@!@!@STARTMSG 2774:0 @!@!@
<HonestAccepted line 76, col 1 to line 76, col 14 of module BaseWebModel>
@!@!@ENDMSG 2774 @!@!@
@!@!@STARTMSG 2221:0 @!@!@
  line 77, col 5 to line 78, col 72 of module BaseWebModel: 8
@!@!@ENDMSG 2221 @!@!@
@!@!@STARTMSG 2221:0 @!@!@
  |line 78, col 9 to line 78, col 72 of module BaseWebModel: 2
@!@!@ENDMSG 2221 @!@!@
@!@!@STARTMSG 2221:0 @!@!@
  |line 77, col 16 to line 77, col 25 of module BaseWebModel: 8
@!@!@ENDMSG 2221 @!@!@
@!@!@STARTMSG 2774:0 @!@!@
<MaliciousRejected line 79, col 1 to line 79, col 17 of module BaseWebModel>
@!@!@ENDMSG 2774 @!@!@
@!@!@STARTMSG 2221:0 @!@!@
  line 80, col 5 to line 81, col 72 of module BaseWebModel: 8
@!@!@ENDMSG 2221 @!@!@
@!@!@STARTMSG 2221:0 @!@!@
  |line 81, col 9 to line 81, col 72 of module BaseWebModel: 2
@!@!@ENDMSG 2221 @!@!@
@!@!@STARTMSG 2221:0 @!@!@
  |line 80, col 16 to line 80, col 25 of module BaseWebModel: 8
@!@!@ENDMSG 2221 @!@!@
@!@!@STARTMSG 2202:0 @!@!@
End of statistics.
@!@!@ENDMSG 2202 @!@!@
@!@!@STARTMSG 2200:0 @!@!@
Progress(5) at 2023-04-23 12:05:16: 8 states generated (182 s/min), 8 distinct states found (182 ds/min), 0 states left on queue.
@!@!@ENDMSG 2200 @!@!@
@!@!@STARTMSG 2199:0 @!@!@
8 states generated, 8 distinct states found, 0 states left on queue.
@!@!@ENDMSG 2199 @!@!@
@!@!@STARTMSG 2186:0 @!@!@
Finished in 2645ms at (2023-04-23 12:05:16)
@!@!@ENDMSG 2186 @!@!@
