@!@!@STARTMSG 2262:0 @!@!@
TLC2 Version 2.16 of 31 December 2020 (rev: cdddf55)
@!@!@ENDMSG 2262 @!@!@
@!@!@STARTMSG 2187:0 @!@!@
Running breadth-first search Model-Checking with fp 61 and seed 4504349893519391709 with 4 workers on 8 cores with 588MB heap and 1321MB offheap memory [pid: 19832] (Windows 10 10.0 amd64, AdoptOpenJDK 14.0.1 x86_64, OffHeapDiskFPSet, DiskStateQueue).
@!@!@ENDMSG 2187 @!@!@
@!@!@STARTMSG 2220:0 @!@!@
Starting SANY...
@!@!@ENDMSG 2220 @!@!@
Parsing file C:\Users\Cade Chabra\GitHub\CSRF-Security-Model\STPWebModel.toolbox\STPWebModel\MC.tla
Parsing file C:\Users\Cade Chabra\GitHub\CSRF-Security-Model\STPWebModel.toolbox\STPWebModel\STPWebModel.tla
Warning: symbols were renamed.
Parsing file C:\Users\Cade Chabra\TLA+\TLAToolbox-1.7.1-win32.win32.x86_64\toolbox\plugins\org.lamport.tlatools_1.0.0.202012311918\tla2sany\StandardModules\TLC.tla
Parsing file C:\Users\Cade Chabra\TLA+\TLAToolbox-1.7.1-win32.win32.x86_64\toolbox\plugins\org.lamport.tlatools_1.0.0.202012311918\tla2sany\StandardModules\Integers.tla
Parsing file C:\Users\Cade Chabra\TLA+\TLAToolbox-1.7.1-win32.win32.x86_64\toolbox\plugins\org.lamport.tlatools_1.0.0.202012311918\tla2sany\StandardModules\Sequences.tla
Parsing file C:\Users\Cade Chabra\TLA+\TLAToolbox-1.7.1-win32.win32.x86_64\toolbox\plugins\org.lamport.tlatools_1.0.0.202012311918\tla2sany\StandardModules\Naturals.tla
Parsing file C:\Users\Cade Chabra\TLA+\TLAToolbox-1.7.1-win32.win32.x86_64\toolbox\plugins\org.lamport.tlatools_1.0.0.202012311918\tla2sany\StandardModules\FiniteSets.tla
Semantic processing of module Naturals
Semantic processing of module Integers
Semantic processing of module Sequences
Semantic processing of module FiniteSets
Semantic processing of module TLC
Semantic processing of module STPWebModel
Semantic processing of module MC
@!@!@STARTMSG 2219:0 @!@!@
SANY finished.
@!@!@ENDMSG 2219 @!@!@
@!@!@STARTMSG 2185:0 @!@!@
Starting... (2023-04-23 12:13:47)
@!@!@ENDMSG 2185 @!@!@
@!@!@STARTMSG 2189:0 @!@!@
Computing initial states...
@!@!@ENDMSG 2189 @!@!@
@!@!@STARTMSG 2190:0 @!@!@
Finished computing initial states: 1 distinct state generated at 2023-04-23 12:13:48.
@!@!@ENDMSG 2190 @!@!@
<<"Same Site Req">>
<<"Cross Site Req">>
<<"Cross Site Req">>
<<"Same Site Req">>
<<"Cross Site Req">>
<<"Cross Site Req">>
<<"Same Site Req">>
<< { [ request |->
           [ source |-> "honest",
             cookies |-> {HonestSessionId},
             headers |-> {HonestKey} ],
       response |-> [status |-> "success", destination |-> "honest"] ] } >>
<< { [ request |->
           [ source |-> "honest",
             cookies |-> {HonestSessionId},
             headers |-> {HonestKey} ],
       response |-> [status |-> "success", destination |-> "honest"] ] } >>
<< { [ request |->
           [ source |-> "honest",
             cookies |-> {HonestSessionId},
             headers |-> {HonestKey} ],
       response |-> [status |-> "success", destination |-> "honest"] ] } >>
<<"Cross Site Req">>
<< { [ request |->
           [ source |-> "attacker",
             cookies |-> {HonestSessionId},
             headers |-> {AtkKey} ],
       response |-> [status |-> "success", destination |-> "attacker"] ] } >>
<<"Same Site Req">>
<< { [ request |->
           [ source |-> "attacker",
             cookies |-> {HonestSessionId},
             headers |-> {AtkKey} ],
       response |-> [status |-> "success", destination |-> "attacker"] ] } >>
<<"Same Site Req">>
<< { [ request |->
           [ source |-> "attacker",
             cookies |-> {HonestSessionId},
             headers |-> {AtkKey} ],
       response |-> [status |-> "success", destination |-> "attacker"] ] } >>
<< { [ request |->
           [ source |-> "honest",
             cookies |-> {HonestSessionId},
             headers |-> {HonestKey} ],
       response |-> [status |-> "success", destination |-> "honest"] ] } >>
<< { [ request |->
           [ source |-> "honest",
             cookies |-> {HonestSessionId},
             headers |-> {HonestKey} ],
       response |-> [status |-> "success", destination |-> "honest"] ] } >>
<< { [ request |->
           [ source |-> "attacker",
             cookies |-> {HonestSessionId},
             headers |-> {AtkKey} ],
       response |-> [status |-> "error", destination |-> "attacker"] ] } >>
<< { [ request |->
           [ source |-> "attacker",
             cookies |-> {HonestSessionId},
             headers |-> {AtkKey} ],
       response |-> [status |-> "success", destination |-> "attacker"] ] } >>
<<"Same Site Req">>
<< { [ request |->
           [ source |-> "honest",
             cookies |-> {HonestSessionId},
             headers |-> {HonestKey} ],
       response |-> [status |-> "success", destination |-> "honest"] ],
     [ request |->
           [ source |-> "attacker",
             cookies |-> {HonestSessionId},
             headers |-> {AtkKey} ],
       response |-> [status |-> "error", destination |-> "attacker"] ] } >>
<< { [ request |->
           [ source |-> "honest",
             cookies |-> {HonestSessionId},
             headers |-> {HonestKey} ],
       response |-> [status |-> "success", destination |-> "honest"] ],
     [ request |->
           [ source |-> "attacker",
             cookies |-> {HonestSessionId},
             headers |-> {AtkKey} ],
       response |-> [status |-> "success", destination |-> "attacker"] ] } >>
<< { [ request |->
           [ source |-> "honest",
             cookies |-> {HonestSessionId},
             headers |-> {HonestKey} ],
       response |-> [status |-> "success", destination |-> "honest"] ] } >>
<< { [ request |->
           [ source |-> "honest",
             cookies |-> {HonestSessionId},
             headers |-> {HonestKey} ],
       response |-> [status |-> "success", destination |-> "honest"] ],
     [ request |->
           [ source |-> "attacker",
             cookies |-> {HonestSessionId},
             headers |-> {AtkKey} ],
       response |-> [status |-> "error", destination |-> "attacker"] ] } >>
<< { [ request |->
           [ source |-> "attacker",
             cookies |-> {HonestSessionId},
             headers |-> {AtkKey} ],
       response |-> [status |-> "error", destination |-> "attacker"] ] } >>
<< { [ request |->
           [ source |-> "honest",
             cookies |-> {HonestSessionId},
             headers |-> {HonestKey} ],
       response |-> [status |-> "success", destination |-> "honest"] ],
     [ request |->
           [ source |-> "attacker",
             cookies |-> {HonestSessionId},
             headers |-> {AtkKey} ],
       response |-> [status |-> "success", destination |-> "attacker"] ] } >>
@!@!@STARTMSG 2193:0 @!@!@
Model checking completed. No error has been found.
  Estimates of the probability that TLC did not check all reachable states
  because two distinct states had the same fingerprint:
  calculated (optimistic):  val = 4.5E-17
@!@!@ENDMSG 2193 @!@!@
@!@!@STARTMSG 2201:0 @!@!@
The coverage statistics at 2023-04-23 12:13:48
@!@!@ENDMSG 2201 @!@!@
@!@!@STARTMSG 2773:0 @!@!@
<Init line 114, col 1 to line 114, col 4 of module STPWebModel>: 1:1
@!@!@ENDMSG 2773 @!@!@
@!@!@STARTMSG 2221:0 @!@!@
  line 115, col 9 to line 128, col 61 of module STPWebModel: 1
@!@!@ENDMSG 2221 @!@!@
@!@!@STARTMSG 2772:0 @!@!@
<Log line 130, col 1 to line 130, col 9 of module STPWebModel>: 13:16
@!@!@ENDMSG 2772 @!@!@
@!@!@STARTMSG 2221:0 @!@!@
  line 130, col 17 to line 130, col 32 of module STPWebModel: 88
@!@!@ENDMSG 2221 @!@!@
@!@!@STARTMSG 2221:0 @!@!@
  |line 130, col 17 to line 130, col 24 of module STPWebModel: 72
@!@!@ENDMSG 2221 @!@!@
@!@!@STARTMSG 2221:0 @!@!@
  line 131, col 17 to line 131, col 100 of module STPWebModel: 16
@!@!@ENDMSG 2221 @!@!@
@!@!@STARTMSG 2221:0 @!@!@
  line 132, col 17 to line 132, col 41 of module STPWebModel: 16
@!@!@ENDMSG 2221 @!@!@
@!@!@STARTMSG 2221:0 @!@!@
  line 133, col 17 to line 133, col 64 of module STPWebModel: 16
@!@!@ENDMSG 2221 @!@!@
@!@!@STARTMSG 2221:0 @!@!@
  line 134, col 17 to line 134, col 67 of module STPWebModel: 16
@!@!@ENDMSG 2221 @!@!@
@!@!@STARTMSG 2221:0 @!@!@
  line 135, col 17 to line 135, col 70 of module STPWebModel: 16
@!@!@ENDMSG 2221 @!@!@
@!@!@STARTMSG 2221:0 @!@!@
  line 136, col 17 to line 136, col 67 of module STPWebModel: 16
@!@!@ENDMSG 2221 @!@!@
@!@!@STARTMSG 2221:0 @!@!@
  line 137, col 17 to line 139, col 81 of module STPWebModel: 16
@!@!@ENDMSG 2221 @!@!@
@!@!@STARTMSG 2772:0 @!@!@
<SSR line 143, col 1 to line 143, col 3 of module STPWebModel>: 1:6
@!@!@ENDMSG 2772 @!@!@
@!@!@STARTMSG 2221:0 @!@!@
  line 143, col 11 to line 143, col 23 of module STPWebModel: 42
@!@!@ENDMSG 2221 @!@!@
@!@!@STARTMSG 2221:0 @!@!@
  |line 143, col 11 to line 143, col 15 of module STPWebModel: 36
@!@!@ENDMSG 2221 @!@!@
@!@!@STARTMSG 2221:0 @!@!@
  line 144, col 11 to line 144, col 37 of module STPWebModel: 6
@!@!@ENDMSG 2221 @!@!@
@!@!@STARTMSG 2221:0 @!@!@
  line 145, col 11 to line 145, col 45 of module STPWebModel: 6
@!@!@ENDMSG 2221 @!@!@
@!@!@STARTMSG 2221:0 @!@!@
  line 146, col 11 to line 148, col 74 of module STPWebModel: 6
@!@!@ENDMSG 2221 @!@!@
@!@!@STARTMSG 2772:0 @!@!@
<Session_ line 150, col 1 to line 150, col 8 of module STPWebModel>: 4:6
@!@!@ENDMSG 2772 @!@!@
@!@!@STARTMSG 2221:0 @!@!@
  line 150, col 16 to line 150, col 33 of module STPWebModel: 42
@!@!@ENDMSG 2221 @!@!@
@!@!@STARTMSG 2221:0 @!@!@
  |line 150, col 16 to line 150, col 20 of module STPWebModel: 36
@!@!@ENDMSG 2221 @!@!@
@!@!@STARTMSG 2221:0 @!@!@
  line 151, col 16 to line 151, col 84 of module STPWebModel: 6
@!@!@ENDMSG 2221 @!@!@
@!@!@STARTMSG 2221:0 @!@!@
  line 152, col 16 to line 152, col 100 of module STPWebModel: 6
@!@!@ENDMSG 2221 @!@!@
@!@!@STARTMSG 2221:0 @!@!@
  line 153, col 16 to line 153, col 49 of module STPWebModel: 6
@!@!@ENDMSG 2221 @!@!@
@!@!@STARTMSG 2221:0 @!@!@
  line 154, col 16 to line 156, col 47 of module STPWebModel: 6
@!@!@ENDMSG 2221 @!@!@
@!@!@STARTMSG 2772:0 @!@!@
<Tokens_ line 158, col 1 to line 158, col 7 of module STPWebModel>: 4:8
@!@!@ENDMSG 2772 @!@!@
@!@!@STARTMSG 2221:0 @!@!@
  line 158, col 15 to line 158, col 31 of module STPWebModel: 44
@!@!@ENDMSG 2221 @!@!@
@!@!@STARTMSG 2221:0 @!@!@
  |line 158, col 15 to line 158, col 19 of module STPWebModel: 36
@!@!@ENDMSG 2221 @!@!@
@!@!@STARTMSG 2221:0 @!@!@
  line 159, col 15 to line 159, col 95 of module STPWebModel: 8
@!@!@ENDMSG 2221 @!@!@
@!@!@STARTMSG 2221:0 @!@!@
  line 160, col 15 to line 160, col 91 of module STPWebModel: 8
@!@!@ENDMSG 2221 @!@!@
@!@!@STARTMSG 2221:0 @!@!@
  line 161, col 18 to line 161, col 73 of module STPWebModel: 8
@!@!@ENDMSG 2221 @!@!@
@!@!@STARTMSG 2221:0 @!@!@
  |line 161, col 25 to line 161, col 73 of module STPWebModel: 8
@!@!@ENDMSG 2221 @!@!@
@!@!@STARTMSG 2221:0 @!@!@
  ||line 161, col 26 to line 161, col 28 of module STPWebModel: 8
@!@!@ENDMSG 2221 @!@!@
@!@!@STARTMSG 2221:0 @!@!@
  ||line 161, col 44 to line 161, col 72 of module STPWebModel: 8
@!@!@ENDMSG 2221 @!@!@
@!@!@STARTMSG 2221:0 @!@!@
  |||line 103, col 23 to line 103, col 95 of module STPWebModel: 8
@!@!@ENDMSG 2221 @!@!@
@!@!@STARTMSG 2221:0 @!@!@
  |||line 161, col 58 to line 161, col 71 of module STPWebModel: 24
@!@!@ENDMSG 2221 @!@!@
@!@!@STARTMSG 2221:0 @!@!@
  line 162, col 18 to line 162, col 105 of module STPWebModel: 8
@!@!@ENDMSG 2221 @!@!@
@!@!@STARTMSG 2221:0 @!@!@
  |line 162, col 26 to line 162, col 105 of module STPWebModel: 8
@!@!@ENDMSG 2221 @!@!@
@!@!@STARTMSG 2221:0 @!@!@
  ||line 162, col 27 to line 162, col 30 of module STPWebModel: 8
@!@!@ENDMSG 2221 @!@!@
@!@!@STARTMSG 2221:0 @!@!@
  ||line 162, col 46 to line 162, col 104 of module STPWebModel: 8
@!@!@ENDMSG 2221 @!@!@
@!@!@STARTMSG 2221:0 @!@!@
  |||line 104, col 23 to line 104, col 192 of module STPWebModel: 8
@!@!@ENDMSG 2221 @!@!@
@!@!@STARTMSG 2221:0 @!@!@
  |||line 162, col 55 to line 162, col 83 of module STPWebModel: 24
@!@!@ENDMSG 2221 @!@!@
@!@!@STARTMSG 2221:0 @!@!@
  ||||line 103, col 23 to line 103, col 95 of module STPWebModel: 24
@!@!@ENDMSG 2221 @!@!@
@!@!@STARTMSG 2221:0 @!@!@
  ||||line 162, col 69 to line 162, col 82 of module STPWebModel: 72
@!@!@ENDMSG 2221 @!@!@
@!@!@STARTMSG 2221:0 @!@!@
  |||line 162, col 86 to line 162, col 103 of module STPWebModel: 16
@!@!@ENDMSG 2221 @!@!@
@!@!@STARTMSG 2221:0 @!@!@
  line 163, col 18 to line 167, col 60 of module STPWebModel: 8
@!@!@ENDMSG 2221 @!@!@
@!@!@STARTMSG 2221:0 @!@!@
  line 168, col 15 to line 168, col 44 of module STPWebModel: 8
@!@!@ENDMSG 2221 @!@!@
@!@!@STARTMSG 2221:0 @!@!@
  line 169, col 15 to line 170, col 79 of module STPWebModel: 8
@!@!@ENDMSG 2221 @!@!@
@!@!@STARTMSG 2772:0 @!@!@
<CSR line 174, col 1 to line 174, col 3 of module STPWebModel>: 3:5
@!@!@ENDMSG 2772 @!@!@
@!@!@STARTMSG 2221:0 @!@!@
  line 174, col 11 to line 174, col 23 of module STPWebModel: 41
@!@!@ENDMSG 2221 @!@!@
@!@!@STARTMSG 2221:0 @!@!@
  |line 174, col 11 to line 174, col 15 of module STPWebModel: 36
@!@!@ENDMSG 2221 @!@!@
@!@!@STARTMSG 2221:0 @!@!@
  line 175, col 11 to line 175, col 38 of module STPWebModel: 5
@!@!@ENDMSG 2221 @!@!@
@!@!@STARTMSG 2221:0 @!@!@
  line 176, col 11 to line 176, col 53 of module STPWebModel: 5
@!@!@ENDMSG 2221 @!@!@
@!@!@STARTMSG 2221:0 @!@!@
  line 177, col 11 to line 179, col 74 of module STPWebModel: 5
@!@!@ENDMSG 2221 @!@!@
@!@!@STARTMSG 2772:0 @!@!@
<HonestToAttacker line 181, col 1 to line 181, col 16 of module STPWebModel>: 2:5
@!@!@ENDMSG 2772 @!@!@
@!@!@STARTMSG 2221:0 @!@!@
  line 181, col 24 to line 181, col 49 of module STPWebModel: 41
@!@!@ENDMSG 2221 @!@!@
@!@!@STARTMSG 2221:0 @!@!@
  |line 181, col 24 to line 181, col 28 of module STPWebModel: 36
@!@!@ENDMSG 2221 @!@!@
@!@!@STARTMSG 2221:0 @!@!@
  line 182, col 24 to line 182, col 92 of module STPWebModel: 5
@!@!@ENDMSG 2221 @!@!@
@!@!@STARTMSG 2221:0 @!@!@
  line 183, col 24 to line 183, col 100 of module STPWebModel: 5
@!@!@ENDMSG 2221 @!@!@
@!@!@STARTMSG 2221:0 @!@!@
  line 184, col 24 to line 184, col 104 of module STPWebModel: 5
@!@!@ENDMSG 2221 @!@!@
@!@!@STARTMSG 2221:0 @!@!@
  line 185, col 24 to line 185, col 57 of module STPWebModel: 5
@!@!@ENDMSG 2221 @!@!@
@!@!@STARTMSG 2221:0 @!@!@
  line 186, col 24 to line 188, col 74 of module STPWebModel: 5
@!@!@ENDMSG 2221 @!@!@
@!@!@STARTMSG 2772:0 @!@!@
<Session line 190, col 1 to line 190, col 7 of module STPWebModel>: 5:5
@!@!@ENDMSG 2772 @!@!@
@!@!@STARTMSG 2221:0 @!@!@
  line 190, col 15 to line 190, col 31 of module STPWebModel: 41
@!@!@ENDMSG 2221 @!@!@
@!@!@STARTMSG 2221:0 @!@!@
  |line 190, col 15 to line 190, col 19 of module STPWebModel: 36
@!@!@ENDMSG 2221 @!@!@
@!@!@STARTMSG 2221:0 @!@!@
  line 191, col 15 to line 191, col 104 of module STPWebModel: 5
@!@!@ENDMSG 2221 @!@!@
@!@!@STARTMSG 2221:0 @!@!@
  line 192, col 15 to line 192, col 47 of module STPWebModel: 5
@!@!@ENDMSG 2221 @!@!@
@!@!@STARTMSG 2221:0 @!@!@
  line 193, col 15 to line 195, col 63 of module STPWebModel: 5
@!@!@ENDMSG 2221 @!@!@
@!@!@STARTMSG 2772:0 @!@!@
<Tokens line 197, col 1 to line 197, col 6 of module STPWebModel>: 3:5
@!@!@ENDMSG 2772 @!@!@
@!@!@STARTMSG 2221:0 @!@!@
  line 197, col 14 to line 197, col 29 of module STPWebModel: 41
@!@!@ENDMSG 2221 @!@!@
@!@!@STARTMSG 2221:0 @!@!@
  |line 197, col 14 to line 197, col 18 of module STPWebModel: 36
@!@!@ENDMSG 2221 @!@!@
@!@!@STARTMSG 2221:0 @!@!@
  line 198, col 14 to line 198, col 100 of module STPWebModel: 5
@!@!@ENDMSG 2221 @!@!@
@!@!@STARTMSG 2221:0 @!@!@
  line 199, col 14 to line 199, col 96 of module STPWebModel: 5
@!@!@ENDMSG 2221 @!@!@
@!@!@STARTMSG 2221:0 @!@!@
  line 200, col 17 to line 200, col 74 of module STPWebModel: 5
@!@!@ENDMSG 2221 @!@!@
@!@!@STARTMSG 2221:0 @!@!@
  |line 200, col 24 to line 200, col 74 of module STPWebModel: 5
@!@!@ENDMSG 2221 @!@!@
@!@!@STARTMSG 2221:0 @!@!@
  ||line 200, col 25 to line 200, col 27 of module STPWebModel: 5
@!@!@ENDMSG 2221 @!@!@
@!@!@STARTMSG 2221:0 @!@!@
  ||line 200, col 43 to line 200, col 73 of module STPWebModel: 5
@!@!@ENDMSG 2221 @!@!@
@!@!@STARTMSG 2221:0 @!@!@
  |||line 103, col 23 to line 103, col 95 of module STPWebModel: 5
@!@!@ENDMSG 2221 @!@!@
@!@!@STARTMSG 2221:0 @!@!@
  |||line 200, col 57 to line 200, col 72 of module STPWebModel: 15
@!@!@ENDMSG 2221 @!@!@
@!@!@STARTMSG 2221:0 @!@!@
  line 201, col 17 to line 201, col 105 of module STPWebModel: 5
@!@!@ENDMSG 2221 @!@!@
@!@!@STARTMSG 2221:0 @!@!@
  |line 201, col 25 to line 201, col 105 of module STPWebModel: 5
@!@!@ENDMSG 2221 @!@!@
@!@!@STARTMSG 2221:0 @!@!@
  ||line 201, col 26 to line 201, col 29 of module STPWebModel: 5
@!@!@ENDMSG 2221 @!@!@
@!@!@STARTMSG 2221:0 @!@!@
  ||line 201, col 45 to line 201, col 104 of module STPWebModel: 5
@!@!@ENDMSG 2221 @!@!@
@!@!@STARTMSG 2221:0 @!@!@
  |||line 104, col 23 to line 104, col 192 of module STPWebModel: 5
@!@!@ENDMSG 2221 @!@!@
@!@!@STARTMSG 2221:0 @!@!@
  ||||line 104, col 26 to line 104, col 82 of module STPWebModel: 5
@!@!@ENDMSG 2221 @!@!@
@!@!@STARTMSG 2221:0 @!@!@
  |||||line 104, col 27 to line 104, col 49 of module STPWebModel: 5
@!@!@ENDMSG 2221 @!@!@
@!@!@STARTMSG 2221:0 @!@!@
  |||||line 104, col 55 to line 104, col 81 of module STPWebModel: 5
@!@!@ENDMSG 2221 @!@!@
@!@!@STARTMSG 2221:0 @!@!@
  ||||||line 100, col 32 to line 100, col 109 of module STPWebModel: 5
@!@!@ENDMSG 2221 @!@!@
@!@!@STARTMSG 2221:0 @!@!@
  |||||||line 100, col 65 to line 100, col 109 of module STPWebModel: 3
@!@!@ENDMSG 2221 @!@!@
@!@!@STARTMSG 2221:0 @!@!@
  |||||||line 100, col 49 to line 100, col 62 of module STPWebModel: 5
@!@!@ENDMSG 2221 @!@!@
@!@!@STARTMSG 2221:0 @!@!@
  ||||||line 104, col 73 to line 104, col 75 of module STPWebModel: 3
@!@!@ENDMSG 2221 @!@!@
@!@!@STARTMSG 2221:0 @!@!@
  ||||||line 104, col 78 to line 104, col 80 of module STPWebModel: 5
@!@!@ENDMSG 2221 @!@!@
@!@!@STARTMSG 2221:0 @!@!@
  ||||line 104, col 89 to line 104, col 138 of module STPWebModel: 4
@!@!@ENDMSG 2221 @!@!@
@!@!@STARTMSG 2221:0 @!@!@
  ||||line 104, col 145 to line 104, col 192 of module STPWebModel: 1
@!@!@ENDMSG 2221 @!@!@
@!@!@STARTMSG 2221:0 @!@!@
  |||line 201, col 54 to line 201, col 84 of module STPWebModel: 13
@!@!@ENDMSG 2221 @!@!@
@!@!@STARTMSG 2221:0 @!@!@
  ||||line 103, col 23 to line 103, col 95 of module STPWebModel: 13
@!@!@ENDMSG 2221 @!@!@
@!@!@STARTMSG 2221:0 @!@!@
  ||||line 201, col 68 to line 201, col 83 of module STPWebModel: 39
@!@!@ENDMSG 2221 @!@!@
@!@!@STARTMSG 2221:0 @!@!@
  |||line 201, col 87 to line 201, col 103 of module STPWebModel: 5
@!@!@ENDMSG 2221 @!@!@
@!@!@STARTMSG 2221:0 @!@!@
  line 202, col 17 to line 206, col 59 of module STPWebModel: 5
@!@!@ENDMSG 2221 @!@!@
@!@!@STARTMSG 2221:0 @!@!@
  line 207, col 14 to line 207, col 43 of module STPWebModel: 5
@!@!@ENDMSG 2221 @!@!@
@!@!@STARTMSG 2221:0 @!@!@
  line 208, col 14 to line 209, col 78 of module STPWebModel: 5
@!@!@ENDMSG 2221 @!@!@
@!@!@STARTMSG 2772:0 @!@!@
<Terminating line 214, col 1 to line 214, col 11 of module STPWebModel>: 0:2
@!@!@ENDMSG 2772 @!@!@
@!@!@STARTMSG 2221:0 @!@!@
  line 214, col 40 to line 214, col 56 of module STPWebModel: 48
@!@!@ENDMSG 2221 @!@!@
@!@!@STARTMSG 2221:0 @!@!@
  |line 214, col 40 to line 214, col 47 of module STPWebModel: 44
@!@!@ENDMSG 2221 @!@!@
@!@!@STARTMSG 2221:0 @!@!@
  line 214, col 31 to line 214, col 37 of module STPWebModel: 36
@!@!@ENDMSG 2221 @!@!@
@!@!@STARTMSG 2221:0 @!@!@
  line 215, col 19 to line 215, col 32 of module STPWebModel: 2
@!@!@ENDMSG 2221 @!@!@
@!@!@STARTMSG 2202:0 @!@!@
End of statistics.
@!@!@ENDMSG 2202 @!@!@
@!@!@STARTMSG 2200:0 @!@!@
Progress(10) at 2023-04-23 12:13:48: 59 states generated (1,726 s/min), 36 distinct states found (1,053 ds/min), 0 states left on queue.
@!@!@ENDMSG 2200 @!@!@
@!@!@STARTMSG 2199:0 @!@!@
59 states generated, 36 distinct states found, 0 states left on queue.
@!@!@ENDMSG 2199 @!@!@
@!@!@STARTMSG 2194:0 @!@!@
The depth of the complete state graph search is 10.
@!@!@ENDMSG 2194 @!@!@
@!@!@STARTMSG 2268:0 @!@!@
The average outdegree of the complete state graph is 1 (minimum is 0, the maximum 2 and the 95th percentile is 2).
@!@!@ENDMSG 2268 @!@!@
@!@!@STARTMSG 2186:0 @!@!@
Finished in 2073ms at (2023-04-23 12:13:48)
@!@!@ENDMSG 2186 @!@!@
